<?xml version="1.0" encoding="UTF-8"?>
<!-- Generated by org.testng.reporters.JUnitReportReporter -->
<testsuite hostname="SVROLP04015" failures="0" tests="1" name="testCases.TC001_AccountRegistrationTest" time="2.894" errors="0" timestamp="2024-09-30T11:12:46 EEST" skipped="0">
  <testcase classname="testCases.TC001_AccountRegistrationTest" name="verify_account_registration" time="2.894"/>
</testsuite> <!-- testCases.TC001_AccountRegistrationTest -->
