<?xml version="1.0" encoding="UTF-8"?>
<!-- Generated by org.testng.reporters.JUnitReportReporter -->
<testsuite hostname="SVROLP04015" failures="0" tests="1" name="testCases.TC002_LoginTest" time="2.398" errors="0" timestamp="2024-10-07T12:29:49 EEST" skipped="0">
  <testcase classname="testCases.TC002_LoginTest" name="verify_login" time="2.398"/>
</testsuite> <!-- testCases.TC002_LoginTest -->
